<?xml version="1.0" encoding="UTF-8" ?>
<testsuite tests="1" failures="0" name="ztx.springSecurity.app.ztx_springSecurity_app.AppTest" time="0.006" errors="0" skipped="0">
  <properties>
    <property name="java.runtime.name" value="Java(TM) SE Runtime Environment"/>
    <property name="sun.boot.library.path" value="D:\Program Files\Java\jdk1.8.0_201\jre\bin"/>
    <property name="java.vm.version" value="25.201-b09"/>
    <property name="java.vm.vendor" value="Oracle Corporation"/>
    <property name="maven.multiModuleProjectDirectory" value="G:\myworkspeake\imooc\ztx-springSecurity"/>
    <property name="java.vendor.url" value="http://java.oracle.com/"/>
    <property name="path.separator" value=";"/>
    <property name="guice.disable.misplaced.annotation.check" value="true"/>
    <property name="java.vm.name" value="Java HotSpot(TM) 64-Bit Server VM"/>
    <property name="file.encoding.pkg" value="sun.io"/>
    <property name="user.script" value=""/>
    <property name="user.country" value="CN"/>
    <property name="sun.java.launcher" value="SUN_STANDARD"/>
    <property name="sun.os.patch.level" value=""/>
    <property name="java.vm.specification.name" value="Java Virtual Machine Specification"/>
    <property name="user.dir" value="G:\myworkspeake\imooc\ztx-springSecurity"/>
    <property name="java.runtime.version" value="1.8.0_201-b09"/>
    <property name="java.awt.graphicsenv" value="sun.awt.Win32GraphicsEnvironment"/>
    <property name="java.endorsed.dirs" value="D:\Program Files\Java\jdk1.8.0_201\jre\lib\endorsed"/>
    <property name="os.arch" value="amd64"/>
    <property name="java.io.tmpdir" value="C:\Users\zuo\AppData\Local\Temp\"/>
    <property name="line.separator" value="
"/>
    <property name="java.vm.specification.vendor" value="Oracle Corporation"/>
    <property name="user.variant" value=""/>
    <property name="os.name" value="Windows 10"/>
    <property name="classworlds.conf" value="G:\myworkspeake\imooc\.metadata\.plugins\org.eclipse.m2e.launching\launches\m2conf2082681602850310089.tmp"/>
    <property name="sun.jnu.encoding" value="GBK"/>
    <property name="java.library.path" value="D:\Program Files\Java\jdk1.8.0_201\bin;C:\WINDOWS\Sun\Java\bin;C:\WINDOWS\system32;C:\WINDOWS;D:/Program Files/Java/jdk1.8.0_201/bin/../jre/bin/server;D:/Program Files/Java/jdk1.8.0_201/bin/../jre/bin;D:/Program Files/Java/jdk1.8.0_201/bin/../jre/lib/amd64;D:\Program Files\Java\jdk1.8.0_201\bin;C:\Program Files (x86)\Common Files\Oracle\Java\javapath;C:\WINDOWS\system32;C:\WINDOWS;C:\WINDOWS\System32\Wbem;C:\WINDOWS\System32\WindowsPowerShell\v1.0\;C:\WINDOWS\System32\OpenSSH\;D:\Program Files\Redis\;D:\apache-maven-3.6.1-bin\apache-maven-3.6.1\bin;C:\Program Files\TortoiseSVN\bin;D:\Program Files\Redis;D:\Program Files\erl10.5\bin;C:\Program Files\MySQL\MySQL Server 5.7\bin;D:\Program Files\MongoDB\Server\4.2\bin;D:\Program Files\nodejs\;D:\Program Files\OpenSSL-Win64\bin;D:\Program Files\Git\cmd;C:\Users\zuo\AppData\Local\Programs\Python\Python37\Scripts\;C:\Users\zuo\AppData\Local\Programs\Python\Python37\;C:\Users\zuo\AppData\Local\Microsoft\WindowsApps;C:\Users\zuo\AppData\Roaming\npm;D:\Program Files\JetBrains\IntelliJ IDEA 2019.3\bin;;D:\eclipse-jee-oxygen-R-win32-x86_64\eclipse;;."/>
    <property name="java.specification.name" value="Java Platform API Specification"/>
    <property name="java.class.version" value="52.0"/>
    <property name="sun.management.compiler" value="HotSpot 64-Bit Tiered Compilers"/>
    <property name="os.version" value="10.0"/>
    <property name="user.home" value="C:\Users\zuo"/>
    <property name="user.timezone" value="Asia/Shanghai"/>
    <property name="java.awt.printerjob" value="sun.awt.windows.WPrinterJob"/>
    <property name="java.specification.version" value="1.8"/>
    <property name="file.encoding" value="GBK"/>
    <property name="user.name" value="zuo"/>
    <property name="java.class.path" value="D:\apache-maven-3.6.1-bin\apache-maven-3.6.1\boot\plexus-classworlds-2.6.0.jar"/>
    <property name="java.vm.specification.version" value="1.8"/>
    <property name="sun.arch.data.model" value="64"/>
    <property name="java.home" value="D:\Program Files\Java\jdk1.8.0_201\jre"/>
    <property name="sun.java.command" value="org.codehaus.plexus.classworlds.launcher.Launcher -B -gs D:\apache-maven-3.6.1-bin\apache-maven-3.6.1\conf\settings.xml -s D:\apache-maven-3.6.1-bin\apache-maven-3.6.1\conf\settings.xml clean package"/>
    <property name="java.specification.vendor" value="Oracle Corporation"/>
    <property name="user.language" value="zh"/>
    <property name="awt.toolkit" value="sun.awt.windows.WToolkit"/>
    <property name="java.vm.info" value="mixed mode"/>
    <property name="java.version" value="1.8.0_201"/>
    <property name="java.ext.dirs" value="D:\Program Files\Java\jdk1.8.0_201\jre\lib\ext;C:\WINDOWS\Sun\Java\lib\ext"/>
    <property name="sun.boot.class.path" value="D:\Program Files\Java\jdk1.8.0_201\jre\lib\resources.jar;D:\Program Files\Java\jdk1.8.0_201\jre\lib\rt.jar;D:\Program Files\Java\jdk1.8.0_201\jre\lib\sunrsasign.jar;D:\Program Files\Java\jdk1.8.0_201\jre\lib\jsse.jar;D:\Program Files\Java\jdk1.8.0_201\jre\lib\jce.jar;D:\Program Files\Java\jdk1.8.0_201\jre\lib\charsets.jar;D:\Program Files\Java\jdk1.8.0_201\jre\lib\jfr.jar;D:\Program Files\Java\jdk1.8.0_201\jre\classes"/>
    <property name="java.vendor" value="Oracle Corporation"/>
    <property name="maven.home" value="D:\apache-maven-3.6.1-bin\apache-maven-3.6.1"/>
    <property name="file.separator" value="\"/>
    <property name="java.vendor.url.bug" value="http://bugreport.sun.com/bugreport/"/>
    <property name="sun.cpu.endian" value="little"/>
    <property name="sun.io.unicode.encoding" value="UnicodeLittle"/>
    <property name="sun.desktop" value="windows"/>
    <property name="sun.cpu.isalist" value="amd64"/>
  </properties>
  <testcase classname="ztx.springSecurity.app.ztx_springSecurity_app.AppTest" name="testApp" time="0.006"/>
</testsuite>